<?xml version="1.0" encoding="UTF-8"?>
<testsuite name="storage.MongoTest" tests="2" skipped="0" failures="0" errors="0" timestamp="2022-10-18T14:25:01" hostname="GP-LAPTOP" time="1.076">
  <properties/>
  <testcase name="test insert Document()" classname="storage.MongoTest" time="1.073"/>
  <testcase name="testing unchanged game()" classname="storage.MongoTest" time="0.002"/>
  <system-out><![CDATA[]]></system-out>
  <system-err><![CDATA[]]></system-err>
</testsuite>
